<?xml version="1.0" encoding="UTF-8"?>
<testsuite xmlns:xsi="http://www.w3.org/2001/XMLSchema-instance" xsi:noNamespaceSchemaLocation="https://maven.apache.org/surefire/maven-surefire-plugin/xsd/surefire-test-report-3.0.xsd" version="3.0" name="test.Users.UserTest" time="90.038" tests="40" errors="0" skipped="0" failures="1">
  <properties>
    <property name="java.specification.version" value="17"/>
    <property name="sun.cpu.isalist" value="amd64"/>
    <property name="sun.jnu.encoding" value="Cp1252"/>
    <property name="java.class.path" value="C:\Users\Usuário\Documents\Eclipse-Workspace\BackofficeGNU\target\test-classes;C:\Users\Usuário\Documents\Eclipse-Workspace\BackofficeGNU\target\classes;C:\Users\Usuário\.m2\repository\org\junit\jupiter\junit-jupiter-engine\5.10.0\junit-jupiter-engine-5.10.0.jar;C:\Users\Usuário\.m2\repository\org\junit\platform\junit-platform-engine\1.10.0\junit-platform-engine-1.10.0.jar;C:\Users\Usuário\.m2\repository\org\opentest4j\opentest4j\1.3.0\opentest4j-1.3.0.jar;C:\Users\Usuário\.m2\repository\org\junit\platform\junit-platform-commons\1.10.0\junit-platform-commons-1.10.0.jar;C:\Users\Usuário\.m2\repository\org\junit\jupiter\junit-jupiter-api\5.10.0\junit-jupiter-api-5.10.0.jar;C:\Users\Usuário\.m2\repository\org\apiguardian\apiguardian-api\1.1.2\apiguardian-api-1.1.2.jar;C:\Users\Usuário\.m2\repository\io\rest-assured\rest-assured\4.4.0\rest-assured-4.4.0.jar;C:\Users\Usuário\.m2\repository\org\codehaus\groovy\groovy\3.0.8\groovy-3.0.8.jar;C:\Users\Usuário\.m2\repository\org\codehaus\groovy\groovy-xml\3.0.8\groovy-xml-3.0.8.jar;C:\Users\Usuário\.m2\repository\org\apache\httpcomponents\httpclient\4.5.13\httpclient-4.5.13.jar;C:\Users\Usuário\.m2\repository\org\apache\httpcomponents\httpcore\4.4.13\httpcore-4.4.13.jar;C:\Users\Usuário\.m2\repository\commons-logging\commons-logging\1.2\commons-logging-1.2.jar;C:\Users\Usuário\.m2\repository\commons-codec\commons-codec\1.11\commons-codec-1.11.jar;C:\Users\Usuário\.m2\repository\org\apache\httpcomponents\httpmime\4.5.13\httpmime-4.5.13.jar;C:\Users\Usuário\.m2\repository\org\hamcrest\hamcrest\2.1\hamcrest-2.1.jar;C:\Users\Usuário\.m2\repository\org\ccil\cowan\tagsoup\tagsoup\1.2.1\tagsoup-1.2.1.jar;C:\Users\Usuário\.m2\repository\io\rest-assured\json-path\4.4.0\json-path-4.4.0.jar;C:\Users\Usuário\.m2\repository\org\codehaus\groovy\groovy-json\3.0.8\groovy-json-3.0.8.jar;C:\Users\Usuário\.m2\repository\io\rest-assured\rest-assured-common\4.4.0\rest-assured-common-4.4.0.jar;C:\Users\Usuário\.m2\repository\io\rest-assured\xml-path\4.4.0\xml-path-4.4.0.jar;C:\Users\Usuário\.m2\repository\jakarta\xml\bind\jakarta.xml.bind-api\2.3.3\jakarta.xml.bind-api-2.3.3.jar;C:\Users\Usuário\.m2\repository\jakarta\activation\jakarta.activation-api\1.2.2\jakarta.activation-api-1.2.2.jar;C:\Users\Usuário\.m2\repository\com\sun\xml\bind\jaxb-impl\2.3.3\jaxb-impl-2.3.3.jar;C:\Users\Usuário\.m2\repository\org\projectlombok\lombok\1.18.28\lombok-1.18.28.jar;C:\Users\Usuário\.m2\repository\com\github\javafaker\javafaker\1.0.2\javafaker-1.0.2.jar;C:\Users\Usuário\.m2\repository\org\apache\commons\commons-lang3\3.5\commons-lang3-3.5.jar;C:\Users\Usuário\.m2\repository\org\yaml\snakeyaml\1.23\snakeyaml-1.23-android.jar;C:\Users\Usuário\.m2\repository\com\github\mifmif\generex\1.0.2\generex-1.0.2.jar;C:\Users\Usuário\.m2\repository\dk\brics\automaton\automaton\1.11-8\automaton-1.11-8.jar;C:\Users\Usuário\.m2\repository\com\fasterxml\jackson\core\jackson-core\2.15.2\jackson-core-2.15.2.jar;C:\Users\Usuário\.m2\repository\com\fasterxml\jackson\core\jackson-databind\2.15.2\jackson-databind-2.15.2.jar;C:\Users\Usuário\.m2\repository\com\fasterxml\jackson\core\jackson-annotations\2.15.2\jackson-annotations-2.15.2.jar;C:\Users\Usuário\.m2\repository\io\rest-assured\json-schema-validator\5.3.0\json-schema-validator-5.3.0.jar;C:\Users\Usuário\.m2\repository\com\github\java-json-tools\json-schema-validator\2.2.14\json-schema-validator-2.2.14.jar;C:\Users\Usuário\.m2\repository\com\google\guava\guava\28.2-android\guava-28.2-android.jar;C:\Users\Usuário\.m2\repository\com\google\guava\failureaccess\1.0.1\failureaccess-1.0.1.jar;C:\Users\Usuário\.m2\repository\com\google\guava\listenablefuture\9999.0-empty-to-avoid-conflict-with-guava\listenablefuture-9999.0-empty-to-avoid-conflict-with-guava.jar;C:\Users\Usuário\.m2\repository\org\checkerframework\checker-compat-qual\2.5.5\checker-compat-qual-2.5.5.jar;C:\Users\Usuário\.m2\repository\com\google\errorprone\error_prone_annotations\2.3.4\error_prone_annotations-2.3.4.jar;C:\Users\Usuário\.m2\repository\com\google\j2objc\j2objc-annotations\1.3\j2objc-annotations-1.3.jar;C:\Users\Usuário\.m2\repository\com\github\java-json-tools\jackson-coreutils-equivalence\1.0\jackson-coreutils-equivalence-1.0.jar;C:\Users\Usuário\.m2\repository\com\github\java-json-tools\jackson-coreutils\2.0\jackson-coreutils-2.0.jar;C:\Users\Usuário\.m2\repository\com\github\java-json-tools\msg-simple\1.2\msg-simple-1.2.jar;C:\Users\Usuário\.m2\repository\com\github\java-json-tools\btf\1.3\btf-1.3.jar;C:\Users\Usuário\.m2\repository\com\github\java-json-tools\json-schema-core\1.2.14\json-schema-core-1.2.14.jar;C:\Users\Usuário\.m2\repository\com\github\java-json-tools\uri-template\0.10\uri-template-0.10.jar;C:\Users\Usuário\.m2\repository\org\mozilla\rhino\1.7.7.2\rhino-1.7.7.2.jar;C:\Users\Usuário\.m2\repository\com\sun\mail\mailapi\1.6.2\mailapi-1.6.2.jar;C:\Users\Usuário\.m2\repository\joda-time\joda-time\2.10.5\joda-time-2.10.5.jar;C:\Users\Usuário\.m2\repository\com\googlecode\libphonenumber\libphonenumber\8.11.1\libphonenumber-8.11.1.jar;C:\Users\Usuário\.m2\repository\com\google\code\findbugs\jsr305\3.0.2\jsr305-3.0.2.jar;C:\Users\Usuário\.m2\repository\net\sf\jopt-simple\jopt-simple\5.0.4\jopt-simple-5.0.4.jar;C:\Users\Usuário\.m2\repository\com\google\code\gson\gson\2.10.1\gson-2.10.1.jar;C:\Users\Usuário\.m2\repository\io\qameta\allure\allure-junit5\2.18.1\allure-junit5-2.18.1.jar;C:\Users\Usuário\.m2\repository\io\qameta\allure\allure-junit-platform\2.18.1\allure-junit-platform-2.18.1.jar;C:\Users\Usuário\.m2\repository\io\qameta\allure\allure-java-commons\2.18.1\allure-java-commons-2.18.1.jar;C:\Users\Usuário\.m2\repository\io\qameta\allure\allure-model\2.18.1\allure-model-2.18.1.jar;C:\Users\Usuário\.m2\repository\io\qameta\allure\allure-test-filter\2.18.1\allure-test-filter-2.18.1.jar;C:\Users\Usuário\.m2\repository\org\junit\platform\junit-platform-launcher\1.8.2\junit-platform-launcher-1.8.2.jar;C:\Users\Usuário\.m2\repository\org\slf4j\slf4j-api\1.7.36\slf4j-api-1.7.36.jar;C:\Users\Usuário\.m2\repository\org\slf4j\slf4j-simple\1.7.36\slf4j-simple-1.7.36.jar;C:\Users\Usuário\.m2\repository\io\jsonwebtoken\jjwt-api\0.12.3\jjwt-api-0.12.3.jar;C:\Users\Usuário\.m2\repository\io\jsonwebtoken\jjwt-impl\0.12.3\jjwt-impl-0.12.3.jar;"/>
    <property name="java.vm.vendor" value="Oracle Corporation"/>
    <property name="sun.arch.data.model" value="64"/>
    <property name="user.variant" value=""/>
    <property name="java.vendor.url" value="https://java.oracle.com/"/>
    <property name="user.timezone" value="America/Sao_Paulo"/>
    <property name="os.name" value="Windows 10"/>
    <property name="java.vm.specification.version" value="17"/>
    <property name="sun.java.launcher" value="SUN_STANDARD"/>
    <property name="user.country" value="BR"/>
    <property name="sun.boot.library.path" value="H:\Arquivos de Programas (x86)\Java\jdk-17\bin"/>
    <property name="sun.java.command" value="C:\Users\Usuário\AppData\Local\Temp\surefire18113707820467732729\surefirebooter-20240104155134183_3.jar C:\Users\Usuário\AppData\Local\Temp\surefire18113707820467732729 2024-01-04T15-51-33_469-jvmRun1 surefire-20240104155134183_1tmp surefire_0-20240104155134183_2tmp"/>
    <property name="jdk.debug" value="release"/>
    <property name="surefire.test.class.path" value="C:\Users\Usuário\Documents\Eclipse-Workspace\BackofficeGNU\target\test-classes;C:\Users\Usuário\Documents\Eclipse-Workspace\BackofficeGNU\target\classes;C:\Users\Usuário\.m2\repository\org\junit\jupiter\junit-jupiter-engine\5.10.0\junit-jupiter-engine-5.10.0.jar;C:\Users\Usuário\.m2\repository\org\junit\platform\junit-platform-engine\1.10.0\junit-platform-engine-1.10.0.jar;C:\Users\Usuário\.m2\repository\org\opentest4j\opentest4j\1.3.0\opentest4j-1.3.0.jar;C:\Users\Usuário\.m2\repository\org\junit\platform\junit-platform-commons\1.10.0\junit-platform-commons-1.10.0.jar;C:\Users\Usuário\.m2\repository\org\junit\jupiter\junit-jupiter-api\5.10.0\junit-jupiter-api-5.10.0.jar;C:\Users\Usuário\.m2\repository\org\apiguardian\apiguardian-api\1.1.2\apiguardian-api-1.1.2.jar;C:\Users\Usuário\.m2\repository\io\rest-assured\rest-assured\4.4.0\rest-assured-4.4.0.jar;C:\Users\Usuário\.m2\repository\org\codehaus\groovy\groovy\3.0.8\groovy-3.0.8.jar;C:\Users\Usuário\.m2\repository\org\codehaus\groovy\groovy-xml\3.0.8\groovy-xml-3.0.8.jar;C:\Users\Usuário\.m2\repository\org\apache\httpcomponents\httpclient\4.5.13\httpclient-4.5.13.jar;C:\Users\Usuário\.m2\repository\org\apache\httpcomponents\httpcore\4.4.13\httpcore-4.4.13.jar;C:\Users\Usuário\.m2\repository\commons-logging\commons-logging\1.2\commons-logging-1.2.jar;C:\Users\Usuário\.m2\repository\commons-codec\commons-codec\1.11\commons-codec-1.11.jar;C:\Users\Usuário\.m2\repository\org\apache\httpcomponents\httpmime\4.5.13\httpmime-4.5.13.jar;C:\Users\Usuário\.m2\repository\org\hamcrest\hamcrest\2.1\hamcrest-2.1.jar;C:\Users\Usuário\.m2\repository\org\ccil\cowan\tagsoup\tagsoup\1.2.1\tagsoup-1.2.1.jar;C:\Users\Usuário\.m2\repository\io\rest-assured\json-path\4.4.0\json-path-4.4.0.jar;C:\Users\Usuário\.m2\repository\org\codehaus\groovy\groovy-json\3.0.8\groovy-json-3.0.8.jar;C:\Users\Usuário\.m2\repository\io\rest-assured\rest-assured-common\4.4.0\rest-assured-common-4.4.0.jar;C:\Users\Usuário\.m2\repository\io\rest-assured\xml-path\4.4.0\xml-path-4.4.0.jar;C:\Users\Usuário\.m2\repository\jakarta\xml\bind\jakarta.xml.bind-api\2.3.3\jakarta.xml.bind-api-2.3.3.jar;C:\Users\Usuário\.m2\repository\jakarta\activation\jakarta.activation-api\1.2.2\jakarta.activation-api-1.2.2.jar;C:\Users\Usuário\.m2\repository\com\sun\xml\bind\jaxb-impl\2.3.3\jaxb-impl-2.3.3.jar;C:\Users\Usuário\.m2\repository\org\projectlombok\lombok\1.18.28\lombok-1.18.28.jar;C:\Users\Usuário\.m2\repository\com\github\javafaker\javafaker\1.0.2\javafaker-1.0.2.jar;C:\Users\Usuário\.m2\repository\org\apache\commons\commons-lang3\3.5\commons-lang3-3.5.jar;C:\Users\Usuário\.m2\repository\org\yaml\snakeyaml\1.23\snakeyaml-1.23-android.jar;C:\Users\Usuário\.m2\repository\com\github\mifmif\generex\1.0.2\generex-1.0.2.jar;C:\Users\Usuário\.m2\repository\dk\brics\automaton\automaton\1.11-8\automaton-1.11-8.jar;C:\Users\Usuário\.m2\repository\com\fasterxml\jackson\core\jackson-core\2.15.2\jackson-core-2.15.2.jar;C:\Users\Usuário\.m2\repository\com\fasterxml\jackson\core\jackson-databind\2.15.2\jackson-databind-2.15.2.jar;C:\Users\Usuário\.m2\repository\com\fasterxml\jackson\core\jackson-annotations\2.15.2\jackson-annotations-2.15.2.jar;C:\Users\Usuário\.m2\repository\io\rest-assured\json-schema-validator\5.3.0\json-schema-validator-5.3.0.jar;C:\Users\Usuário\.m2\repository\com\github\java-json-tools\json-schema-validator\2.2.14\json-schema-validator-2.2.14.jar;C:\Users\Usuário\.m2\repository\com\google\guava\guava\28.2-android\guava-28.2-android.jar;C:\Users\Usuário\.m2\repository\com\google\guava\failureaccess\1.0.1\failureaccess-1.0.1.jar;C:\Users\Usuário\.m2\repository\com\google\guava\listenablefuture\9999.0-empty-to-avoid-conflict-with-guava\listenablefuture-9999.0-empty-to-avoid-conflict-with-guava.jar;C:\Users\Usuário\.m2\repository\org\checkerframework\checker-compat-qual\2.5.5\checker-compat-qual-2.5.5.jar;C:\Users\Usuário\.m2\repository\com\google\errorprone\error_prone_annotations\2.3.4\error_prone_annotations-2.3.4.jar;C:\Users\Usuário\.m2\repository\com\google\j2objc\j2objc-annotations\1.3\j2objc-annotations-1.3.jar;C:\Users\Usuário\.m2\repository\com\github\java-json-tools\jackson-coreutils-equivalence\1.0\jackson-coreutils-equivalence-1.0.jar;C:\Users\Usuário\.m2\repository\com\github\java-json-tools\jackson-coreutils\2.0\jackson-coreutils-2.0.jar;C:\Users\Usuário\.m2\repository\com\github\java-json-tools\msg-simple\1.2\msg-simple-1.2.jar;C:\Users\Usuário\.m2\repository\com\github\java-json-tools\btf\1.3\btf-1.3.jar;C:\Users\Usuário\.m2\repository\com\github\java-json-tools\json-schema-core\1.2.14\json-schema-core-1.2.14.jar;C:\Users\Usuário\.m2\repository\com\github\java-json-tools\uri-template\0.10\uri-template-0.10.jar;C:\Users\Usuário\.m2\repository\org\mozilla\rhino\1.7.7.2\rhino-1.7.7.2.jar;C:\Users\Usuário\.m2\repository\com\sun\mail\mailapi\1.6.2\mailapi-1.6.2.jar;C:\Users\Usuário\.m2\repository\joda-time\joda-time\2.10.5\joda-time-2.10.5.jar;C:\Users\Usuário\.m2\repository\com\googlecode\libphonenumber\libphonenumber\8.11.1\libphonenumber-8.11.1.jar;C:\Users\Usuário\.m2\repository\com\google\code\findbugs\jsr305\3.0.2\jsr305-3.0.2.jar;C:\Users\Usuário\.m2\repository\net\sf\jopt-simple\jopt-simple\5.0.4\jopt-simple-5.0.4.jar;C:\Users\Usuário\.m2\repository\com\google\code\gson\gson\2.10.1\gson-2.10.1.jar;C:\Users\Usuário\.m2\repository\io\qameta\allure\allure-junit5\2.18.1\allure-junit5-2.18.1.jar;C:\Users\Usuário\.m2\repository\io\qameta\allure\allure-junit-platform\2.18.1\allure-junit-platform-2.18.1.jar;C:\Users\Usuário\.m2\repository\io\qameta\allure\allure-java-commons\2.18.1\allure-java-commons-2.18.1.jar;C:\Users\Usuário\.m2\repository\io\qameta\allure\allure-model\2.18.1\allure-model-2.18.1.jar;C:\Users\Usuário\.m2\repository\io\qameta\allure\allure-test-filter\2.18.1\allure-test-filter-2.18.1.jar;C:\Users\Usuário\.m2\repository\org\junit\platform\junit-platform-launcher\1.8.2\junit-platform-launcher-1.8.2.jar;C:\Users\Usuário\.m2\repository\org\slf4j\slf4j-api\1.7.36\slf4j-api-1.7.36.jar;C:\Users\Usuário\.m2\repository\org\slf4j\slf4j-simple\1.7.36\slf4j-simple-1.7.36.jar;C:\Users\Usuário\.m2\repository\io\jsonwebtoken\jjwt-api\0.12.3\jjwt-api-0.12.3.jar;C:\Users\Usuário\.m2\repository\io\jsonwebtoken\jjwt-impl\0.12.3\jjwt-impl-0.12.3.jar;"/>
    <property name="allure.results.directory" value="C:\Users\Usuário\Documents\Eclipse-Workspace\BackofficeGNU\target/allure-results"/>
    <property name="sun.cpu.endian" value="little"/>
    <property name="user.home" value="C:\Users\Usuário"/>
    <property name="user.language" value="pt"/>
    <property name="java.specification.vendor" value="Oracle Corporation"/>
    <property name="java.version.date" value="2023-04-18"/>
    <property name="java.home" value="H:\Arquivos de Programas (x86)\Java\jdk-17"/>
    <property name="file.separator" value="\"/>
    <property name="basedir" value="C:\Users\Usuário\Documents\Eclipse-Workspace\BackofficeGNU"/>
    <property name="java.vm.compressedOopsMode" value="Zero based"/>
    <property name="line.separator" value="&#10;"/>
    <property name="java.vm.specification.vendor" value="Oracle Corporation"/>
    <property name="java.specification.name" value="Java Platform API Specification"/>
    <property name="surefire.real.class.path" value="C:\Users\Usuário\AppData\Local\Temp\surefire18113707820467732729\surefirebooter-20240104155134183_3.jar"/>
    <property name="user.script" value=""/>
    <property name="sun.management.compiler" value="HotSpot 64-Bit Tiered Compilers"/>
    <property name="java.runtime.version" value="17.0.7+8-LTS-224"/>
    <property name="user.name" value="Usuário"/>
    <property name="path.separator" value=";"/>
    <property name="os.version" value="10.0"/>
    <property name="java.runtime.name" value="Java(TM) SE Runtime Environment"/>
    <property name="file.encoding" value="Cp1252"/>
    <property name="java.vm.name" value="Java HotSpot(TM) 64-Bit Server VM"/>
    <property name="localRepository" value="C:\Users\Usuário\.m2\repository"/>
    <property name="java.vendor.url.bug" value="https://bugreport.java.com/bugreport/"/>
    <property name="java.io.tmpdir" value="C:\Users\USURIO~2\AppData\Local\Temp\"/>
    <property name="java.version" value="17.0.7"/>
    <property name="user.dir" value="C:\Users\Usuário\Documents\Eclipse-Workspace\BackofficeGNU"/>
    <property name="os.arch" value="amd64"/>
    <property name="java.vm.specification.name" value="Java Virtual Machine Specification"/>
    <property name="sun.os.patch.level" value=""/>
    <property name="native.encoding" value="Cp1252"/>
    <property name="java.library.path" value="H:\Arquivos de Programas (x86)\Java\jdk-17\bin;C:\Windows\Sun\Java\bin;C:\Windows\system32;C:\Windows;C:\Users\Usuário\bin;H:\Arquivos de Programas (x86)\Git\mingw64\bin;H:\Arquivos de Programas (x86)\Git\usr\local\bin;H:\Arquivos de Programas (x86)\Git\usr\bin;H:\Arquivos de Programas (x86)\Git\usr\bin;H:\Arquivos de Programas (x86)\Git\mingw64\bin;H:\Arquivos de Programas (x86)\Git\usr\bin;C:\Users\Usuário\bin;C:\Program Files\Common Files\Oracle\Java\javapath;C:\Program Files (x86)\Common Files\Oracle\Java\javapath;C:\Windows\system32;C:\Windows;C:\Windows\System32\Wbem;C:\Windows\System32\WindowsPowerShell\v1.0;C:\Windows\System32\OpenSSH;C:\Program Files\NVIDIA Corporation\NVIDIA NvDLISR;C:\Program Files (x86)\NVIDIA Corporation\PhysX\Common;H:\Arquivos de Programas (x86)\Git\cmd;H:\Arquivos de Programas (x86)\NodeJS;H:\Arquivos de Programas (x86)\Maven\apache-maven-3.9.2\bin;H:\Arquivos de Programas (x86)\Java\jdk-17\bin;C:\TDM-GCC-64\bin;C:\Users\Usuário\AppData\Local\Microsoft\WindowsApps;H:\Arquivos de Programas (x86)\Microsoft VS Code\bin;C:\Users\Usuário\AppData\Roaming\npm;H:\Arquivos de Programas (x86)\Git\usr\bin\vendor_perl;H:\Arquivos de Programas (x86)\Git\usr\bin\core_perl;."/>
    <property name="junit.jupiter.extensions.autodetection.enabled" value="true"/>
    <property name="java.vm.info" value="mixed mode, sharing"/>
    <property name="java.vendor" value="Oracle Corporation"/>
    <property name="java.vm.version" value="17.0.7+8-LTS-224"/>
    <property name="sun.io.unicode.encoding" value="UnicodeLittle"/>
    <property name="java.class.version" value="61.0"/>
  </properties>
  <testcase name="alterarUsuarioApenasStatusInativo" classname="test.Users.UserTest" time="1.007">
    <system-out><![CDATA[HTTP/1.1 200 OK
Date: Thu, 04 Jan 2024 18:53:52 GMT
Content-Type: application/json; charset=utf-8
Transfer-Encoding: chunked
Connection: keep-alive
Server: Kestrel

{
    "content": {
        "name": "Núbia Ramos",
        "email": "docaj14227@aseall.com",
        "id": 34,
        "createDate": "2023-12-19T15:41:38.227",
        "active": false,
        "approvalDate": "2023-12-19T15:41:38.227",
        "updateDate": "2024-01-04T15:53:52.684195-03:00",
        "lastLoginDate": null,
        "approvedBy": null,
        "updatedBy": null,
        "firstAccess": true
    },
    "exception": null,
    "status": "OK",
    "isSuccessStatus": true,
    "messages": [
        
    ]
}
]]></system-out>
  </testcase>
  <testcase name="listarUsers" classname="test.Users.UserTest" time="1.071">
    <system-out><![CDATA[HTTP/1.1 200 OK
Date: Thu, 04 Jan 2024 18:53:54 GMT
Content-Type: application/json; charset=utf-8
Transfer-Encoding: chunked
Connection: keep-alive
Server: Kestrel

{
    "count": 79,
    "pageCount": 1,
    "content": [
        {
            "name": "Letícia Sampaio",
            "email": "leticia.sampaio@digitalbusiness.com.br",
            "id": 1,
            "createDate": "2023-08-17T11:28:32.94",
            "active": true,
            "approvalDate": "2023-08-17T11:28:32.94",
            "updateDate": "2023-12-27T11:41:35.043",
            "lastLoginDate": "2024-01-03T11:16:03.103",
            "approvedBy": null,
            "updatedBy": null,
            "firstAccess": false
        },
        {
            "name": "Maicon Martins",
            "email": "maicon.martins@digitalbusiness.com.br",
            "id": 2,
            "createDate": "2023-08-17T12:09:12.647",
            "active": true,
            "approvalDate": "2023-08-17T12:09:12.647",
            "updateDate": "2023-12-22T11:45:11.097",
            "lastLoginDate": "2023-08-22T11:10:43.13",
            "approvedBy": null,
            "updatedBy": null,
            "firstAccess": false
        },
        {
            "name": "Moises Medeiros Mato",
            "email": "moises.matos@digitalbusiness.com.br",
            "id": 5,
            "createDate": "2023-11-10T12:00:37.41",
            "active": true,
            "approvalDate": "2023-11-10T12:00:37.41",
            "updateDate": "2023-12-29T11:42:11.287",
            "lastLoginDate": "2024-01-03T11:26:37.403",
            "approvedBy": null,
            "updatedBy": null,
            "firstAccess": false
        },
        {
            "name": "moises",
            "email": "moises@hotmail.com",
            "id": 6,
            "createDate": "2023-11-16T17:39:12.95",
            "active": true,
            "approvalDate": "2023-11-16T17:39:12.95",
            "updateDate": "2023-12-14T15:47:18.13",
            "lastLoginDate": null,
            "approvedBy": null,
            "updatedBy": null,
            "firstAccess": true
        },
        {
            "name": "teste",
            "email": "tests@teste.com",
            "id": 12,
            "createDate": "2023-11-17T10:20:20.71",
            "active": true,
            "approvalDate": "2023-11-17T10:20:20.71",
            "updateDate": "2023-12-29T12:28:02.397",
            "lastLoginDate": null,
            "approvedBy": null,
            "updatedBy": null,
            "firstAccess": true
        },
        {
            "name": "teste",
            "email": "teste@teste",
            "id": 13,
            "createDate": "2023-11-17T10:21:51.23",
            "active": true,
            "approvalDate": "2023-11-17T10:21:51.23",
            "updateDate": "2023-11-17T10:21:51.23",
            "lastLoginDate": null,
            "approvedBy": null,
            "updatedBy": null,
            "firstAccess": true
        },
        {
            "name": "teste",
            "email": "teste@hotmail.com",
            "id": 14,
            "createDate": "2023-11-17T10:25:00.043",
            "active": true,
            "approvalDate": "2023-11-17T10:25:00.043",
            "updateDate": "2023-11-17T10:25:00.043",
            "lastLoginDate": null,
            "approvedBy": null,
            "updatedBy": null,
            "firstAccess": true
        },
        {
            "name": "teste",
            "email": "tests@hotmail.com",
            "id": 15,
            "createDate": "2023-11-17T10:26:31.183",
            "active": true,
            "approvalDate": "2023-11-17T10:26:31.183",
            "updateDate": "2023-12-13T20:03:34.61",
            "lastLoginDate": null,
            "approvedBy": null,
            "updatedBy": null,
            "firstAccess": true
        },
        {
            "name": "teste",
            "email": "test@hotmail.com",
            "id": 17,
            "createDate": "2023-11-17T11:54:02.677",
            "active": true,
            "approvalDate": "2023-11-17T11:54:02.677",
            "updateDate": "2023-11-17T11:54:02.677",
            "lastLoginDate": null,
            "approvedBy": null,
            "updatedBy": null,
            "firstAccess": true
        },
        {
            "name": "teste",
            "email": "te@hotmail.com",
            "id": 18,
            "createDate": "2023-11-17T11:54:59.52",
            "active": true,
            "approvalDate": "2023-11-17T11:54:59.52",
            "updateDate": "2023-11-17T11:54:59.52",
            "lastLoginDate": null,
            "approvedBy": null,
            "updatedBy": null,
            "firstAccess": true
        },
        {
            "name": "Brenno ",
            "email": "brenno.peraltaaa@gmail.com",
            "id": 19,
            "createDate": "2023-11-17T12:30:21.43",
            "active": true,
            "approvalDate": "2023-11-17T12:30:21.43",
            "updateDate": "2023-12-20T10:09:22.053",
            "lastLoginDate": "2023-12-20T09:58:59.123",
            "approvedBy": null,
            "updatedBy": null,
            "firstAccess": false
        },
        {
            "name": "teste",
            "email": "testse@hotmail.com",
            "id": 20,
            "createDate": "2023-11-17T14:11:10.397",
            "active": true,
            "approvalDate": "2023-11-17T14:11:10.397",
            "updateDate": "2023-11-17T14:11:10.397",
            "lastLoginDate": null,
            "approvedBy": null,
            "updatedBy": null,
            "firstAccess": true
        },
        {
            "name": "teste",
            "email": "br@hotmail.com",
            "id": 21,
            "createDate": "2023-11-17T14:31:37.27",
            "active": true,
            "approvalDate": "2023-11-17T14:31:37.27",
            "updateDate": "2023-11-17T14:31:37.27",
            "lastLoginDate": null,
            "approvedBy": null,
            "updatedBy": null,
            "firstAccess": true
        },
        {
            "name": "teste",
            "email": "test@teste",
            "id": 22,
            "createDate": "2023-11-17T16:14:01.527",
            "active": true,
            "approvalDate": "2023-11-17T16:14:01.527",
            "updateDate": "2023-11-17T16:14:01.527",
            "lastLoginDate": null,
            "approvedBy": null,
            "updatedBy": null,
            "firstAccess": true
        },
        {
            "name": "teste",
            "email": "teste@hotmail",
            "id": 23,
            "createDate": "2023-11-17T16:15:36.907",
            "active": true,
            "approvalDate": "2023-11-17T16:15:36.907",
            "updateDate": "2023-11-17T16:15:36.907",
            "lastLoginDate": null,
            "approvedBy": null,
            "updatedBy": null,
            "firstAccess": true
        },
        {
            "name": "teste",
            "email": "tes@tes",
            "id": 24,
            "createDate": "2023-11-17T16:16:15.617",
            "active": true,
            "approvalDate": "2023-11-17T16:16:15.617",
            "updateDate": "2023-11-17T16:16:15.617",
            "lastLoginDate": null,
            "approvedBy": null,
            "updatedBy": null,
            "firstAccess": true
        },
        {
            "name": "teste",
            "email": "te@te",
            "id": 25,
            "createDate": "2023-11-17T16:17:23.287",
            "active": true,
            "approvalDate": "2023-11-17T16:17:23.287",
            "updateDate": "2023-11-17T16:17:23.287",
            "lastLoginDate": null,
            "approvedBy": null,
            "updatedBy": null,
            "firstAccess": true
        },
        {
            "name": "teste",
            "email": "teste5@teste",
            "id": 27,
            "createDate": "2023-11-21T16:58:25.627",
            "active": true,
            "approvalDate": "2023-11-21T16:58:25.627",
            "updateDate": "2023-11-21T16:58:25.627",
            "lastLoginDate": null,
            "approvedBy": null,
            "updatedBy": null,
            "firstAccess": true
        },
        {
            "name": "teste9",
            "email": "teste9@teste",
            "id": 28,
            "createDate": "2023-12-04T23:30:27.957",
            "active": true,
            "approvalDate": "2023-12-04T23:30:27.957",
            "updateDate": "2023-12-04T23:30:27.957",
            "lastLoginDate": null,
            "approvedBy": null,
            "updatedBy": null,
            "firstAccess": true
        },
        {
            "name": "teste20",
            "email": "teste20@teste",
            "id": 29,
            "createDate": "2023-12-05T16:27:39.153",
            "active": true,
            "approvalDate": "2023-12-05T16:27:39.153",
            "updateDate": "2023-12-05T16:27:39.153",
            "lastLoginDate": null,
            "approvedBy": null,
            "updatedBy": null,
            "firstAccess": true
        },
        {
            "name": "teste10",
            "email": "teste10@teste",
            "id": 30,
            "createDate": "2023-12-14T11:45:49.01",
            "active": true,
            "approvalDate": "2023-12-14T11:45:49.01",
            "updateDate": "2023-12-14T11:45:49.01",
            "lastLoginDate": null,
            "approvedBy": null,
            "updatedBy": null,
            "firstAccess": true
        },
        {
            "name": "Guilherme Machado",
            "email": "guilherme.machado@digitalbusiness.com.br",
            "id": 31,
            "createDate": "2023-12-18T10:06:56.177",
            "active": true,
            "approvalDate": "2023-12-18T10:06:56.177",
            "updateDate": "2023-12-28T16:10:54.837",
            "lastLoginDate": "2024-01-04T15:53:53.527",
            "approvedBy": null,
            "updatedBy": null,
            "firstAccess": false
        },
        {
            "name": "Brenno Teste",
            "email": "brenno.peraltaa@gmail.com",
            "id": 32,
            "createDate": "2023-12-18T14:36:34.227",
            "active": true,
            "approvalDate": "2023-12-18T14:36:34.227",
            "updateDate": "2023-12-18T14:36:34.227",
            "lastLoginDate": null,
            "approvedBy": null,
            "updatedBy": null,
            "firstAccess": true
        },
        {
            "name": "Guilherme Machado",
            "email": "guilhermesvmachado@gmail.com",
            "id": 33,
            "createDate": "2023-12-19T10:32:11.233",
            "active": true,
            "approvalDate": "2023-12-19T10:32:11.233",
            "updateDate": "2024-01-03T15:00:12.02",
            "lastLoginDate": "2023-12-21T13:57:08.81",
            "approvedBy": null,
            "updatedBy": null,
            "firstAccess": false
        },
        {
            "name": "Núbia Ramos",
            "email": "docaj14227@aseall.com",
            "id": 34,
            "createDate": "2023-12-19T15:41:38.227",
            "active": false,
            "approvalDate": "2023-12-19T15:41:38.227",
            "updateDate": "2024-01-04T15:53:52.683",
            "lastLoginDate": null,
            "approvedBy": null,
            "updatedBy": null,
            "firstAccess": true
        },
        {
            "name": "Abignacio",
            "email": "relek39315@arensus.com",
            "id": 35,
            "createDate": "2023-12-19T15:45:10.54",
            "active": true,
            "approvalDate": "2023-12-19T15:45:10.54",
            "updateDate": "2023-12-19T15:45:10.54",
            "lastLoginDate": null,
            "approvedBy": null,
            "updatedBy": null,
            "firstAccess": true
        },
        {
            "name": "Brenno Peralta",
            "email": "brenno.moreira@digitalbusiness.com.br",
            "id": 36,
            "createDate": "2023-12-20T09:28:38.003",
            "active": true,
            "approvalDate": "2023-12-20T09:28:38.003",
            "updateDate": "2023-12-20T15:22:18.763",
            "lastLoginDate": "2024-01-03T13:15:44.503",
            "approvedBy": null,
            "updatedBy": null,
            "firstAccess": false
        },
        {
            "name": "Gnu Teste",
            "email": "gnu.teste@mailinator.com",
            "id": 37,
            "createDate": "2023-12-20T10:20:30.553",
            "active": true,
            "approvalDate": "2023-12-20T10:20:30.553",
            "updateDate": "2023-12-20T10:20:30.553",
            "lastLoginDate": "2023-12-27T15:37:31.71",
            "approvedBy": null,
            "updatedBy": null,
            "firstAccess": false
        },
        {
            "name": "Gnu Teste2",
            "email": "gnu.teste2@mailinator.com",
            "id": 38,
            "createDate": "2023-12-20T10:37:24.927",
            "active": true,
            "approvalDate": "2023-12-20T10:37:24.927",
            "updateDate": "2023-12-20T10:37:24.927",
            "lastLoginDate": null,
            "approvedBy": null,
            "updatedBy": null,
            "firstAccess": true
        },
        {
            "name": "Gnu Teste3",
            "email": "gnu.teste3@mailinator.com",
            "id": 39,
            "createDate": "2023-12-20T10:41:25.647",
            "active": true,
            "approvalDate": "2023-12-20T10:41:25.647",
            "updateDate": "2023-12-20T10:41:25.647",
            "lastLoginDate": null,
            "approvedBy": null,
            "updatedBy": null,
            "firstAccess": true
        },
        {
            "name": "Gnu Teste4",
            "email": "gnu.teste4@mailinator.com",
            "id": 40,
            "createDate": "2023-12-20T12:26:34.747",
            "active": true,
            "approvalDate": "2023-12-20T12:26:34.747",
            "updateDate": "2023-12-20T12:26:34.747",
            "lastLoginDate": null,
            "approvedBy": null,
            "updatedBy": null,
            "firstAccess": true
        },
        {
            "name": "Gnu Teste 01",
            "email": "gnu01.teste@mailinator.com",
            "id": 41,
            "createDate": "2023-12-20T15:26:36.017",
            "active": true,
            "approvalDate": "2023-12-20T15:26:36.017",
            "updateDate": "2023-12-20T15:26:36.017",
            "lastLoginDate": null,
            "approvedBy": null,
            "updatedBy": null,
            "firstAccess": true
        },
        {
            "name": "Fabricio Ladeira",
            "email": "fabricio.ladeira@digitalbusiness.com.br",
            "id": 42,
            "createDate": "2023-12-20T16:29:53.317",
            "active": true,
            "approvalDate": "2023-12-20T16:29:53.317",
            "updateDate": "2023-12-20T16:29:53.317",
            "lastLoginDate": null,
            "approvedBy": null,
            "updatedBy": null,
            "firstAccess": true
        },
        {
            "name": "Register Teste",
            "email": "register.teste@mailinator.com",
            "id": 43,
            "createDate": "2023-12-20T18:52:33.107",
            "active": true,
            "approvalDate": "2023-12-20T18:52:33.107",
            "updateDate": "2023-12-20T18:52:33.107",
            "lastLoginDate": "2023-12-21T12:00:07.203",
            "approvedBy": null,
            "updatedBy": null,
            "firstAccess": false
        },
        {
            "name": "3434",
            "email": "9234823482348923@i834dfhj.com",
            "id": 44,
            "createDate": "2023-12-21T15:59:00.653",
            "active": true,
            "approvalDate": "2023-12-21T15:59:00.653",
            "updateDate": "2023-12-21T15:59:00.653",
            "lastLoginDate": null,
            "approvedBy": null,
            "updatedBy": null,
            "firstAccess": true
        },
        {
            "name": "Teste de Oliveira",
            "email": "sokab19383@arensus.com",
            "id": 45,
            "createDate": "2023-12-21T16:16:21.58",
            "active": true,
            "approvalDate": "2023-12-21T16:16:21.58",
            "updateDate": "2023-12-21T16:16:21.58",
            "lastLoginDate": null,
            "approvedBy": null,
            "updatedBy": null,
            "firstAccess": true
        },
        {
            "name": "1",
            "email": "denon63338@aseall.com",
            "id": 46,
            "createDate": "2023-12-21T16:17:26.88",
            "active": true,
            "approvalDate": "2023-12-21T16:17:26.88",
            "updateDate": "2023-12-21T16:17:26.88",
            "lastLoginDate": null,
            "approvedBy": null,
            "updatedBy": null,
            "firstAccess": true
        },
        {
            "name": "Leticia",
            "email": "leticia.sampaio@l2code.com.br",
            "id": 48,
            "createDate": "2023-12-21T16:56:58.777",
            "active": true,
            "approvalDate": "2023-12-21T16:56:58.777",
            "updateDate": "2023-12-21T16:56:58.777",
            "lastLoginDate": null,
            "approvedBy": null,
            "updatedBy": null,
            "firstAccess": true
        },
        {
            "name": "Mark Hoppus",
            "email": "woyider960@ubinert.com",
            "id": 49,
            "createDate": "2023-12-26T10:01:54.23",
            "active": true,
            "approvalDate": "2023-12-26T10:01:54.23",
            "updateDate": "2023-12-26T10:01:54.23",
            "lastLoginDate": null,
            "approvedBy": null,
            "updatedBy": null,
            "firstAccess": false
        },
        {
            "name": "Vasteron",
            "email": "sayab41668@vasteron.com",
            "id": 50,
            "createDate": "2023-12-26T10:57:56.143",
            "active": true,
            "approvalDate": "2023-12-26T10:57:56.143",
            "updateDate": "2023-12-26T10:57:56.143",
            "lastLoginDate": null,
            "approvedBy": null,
            "updatedBy": null,
            "firstAccess": true
        },
        {
            "name": "uso",
            "email": "fetojev144@usoplay.com",
            "id": 51,
            "createDate": "2023-12-26T11:08:04.177",
            "active": true,
            "approvalDate": "2023-12-26T11:08:04.177",
            "updateDate": "2023-12-26T11:08:04.177",
            "lastLoginDate": null,
            "approvedBy": null,
            "updatedBy": null,
            "firstAccess": true
        },
        {
            "name": "AUTOMATED TEST",
            "email": "AUTOMATED TEST",
            "id": 52,
            "createDate": "2023-12-26T15:59:09.22",
            "active": true,
            "approvalDate": "2023-12-26T15:59:09.22",
            "updateDate": "2023-12-26T15:59:09.22",
            "lastLoginDate": null,
            "approvedBy": null,
            "updatedBy": null,
            "firstAccess": true
        },
        {
            "name": "AUTOMATED@??TEST",
            "email": "AUTOMATED TEST2",
            "id": 53,
            "createDate": "2023-12-26T16:01:00.62",
            "active": true,
            "approvalDate": "2023-12-26T16:01:00.62",
            "updateDate": "2023-12-26T16:01:00.62",
            "lastLoginDate": null,
            "approvedBy": null,
            "updatedBy": null,
            "firstAccess": true
        },
        {
            "name": "AUTOMATED TEST3",
            "email": "AUTOMATED🎄TEST",
            "id": 54,
            "createDate": "2023-12-26T16:01:20.153",
            "active": true,
            "approvalDate": "2023-12-26T16:01:20.153",
            "updateDate": "2023-12-26T16:01:20.153",
            "lastLoginDate": null,
            "approvedBy": null,
            "updatedBy": null,
            "firstAccess": true
        },
        {
            "name": "M1chael ?? J0rd4n",
            "email": "m!chaeljordan?Ш😎",
            "id": 55,
            "createDate": "2023-12-27T10:09:17.047",
            "active": true,
            "approvalDate": "2023-12-27T10:09:17.047",
            "updateDate": "2023-12-27T10:09:17.047",
            "lastLoginDate": null,
            "approvedBy": null,
            "updatedBy": null,
            "firstAccess": true
        },
        {
            "name": "Natália Corrêa",
            "email": "allana.marcondes@hotmail.com",
            "id": 56,
            "createDate": "2023-12-27T11:43:48.073",
            "active": true,
            "approvalDate": "2023-12-27T11:43:48.073",
            "updateDate": "2023-12-27T11:43:48.073",
            "lastLoginDate": null,
            "approvedBy": null,
            "updatedBy": null,
            "firstAccess": true
        },
        {
            "name": "Alice Leiria",
            "email": "analaura.dantas@gmail.com",
            "id": 57,
            "createDate": "2023-12-27T11:44:23.103",
            "active": true,
            "approvalDate": "2023-12-27T11:44:23.103",
            "updateDate": "2023-12-27T11:44:23.103",
            "lastLoginDate": null,
            "approvedBy": null,
            "updatedBy": null,
            "firstAccess": true
        },
        {
            "name": "Talita Junqueira",
            "email": "arthur.dasilveira@yahoo.com",
            "id": 58,
            "createDate": "2023-12-27T11:44:40.303",
            "active": true,
            "approvalDate": "2023-12-27T11:44:40.303",
            "updateDate": "2023-12-27T11:44:40.303",
            "lastLoginDate": null,
            "approvedBy": null,
            "updatedBy": null,
            "firstAccess": true
        },
        {
            "name": "Carolina Munhoz",
            "email": "mariaeduarda.daluz@gmail.com",
            "id": 59,
            "createDate": "2023-12-27T11:55:01.077",
            "active": true,
            "approvalDate": "2023-12-27T11:55:01.077",
            "updateDate": "2023-12-27T11:55:01.077",
            "lastLoginDate": null,
            "approvedBy": null,
            "updatedBy": null,
            "firstAccess": true
        },
        {
            "name": "Isadora Pinto",
            "email": "mathias.soeira@example.com",
            "id": 60,
            "createDate": "2023-12-27T11:59:27.963",
            "active": true,
            "approvalDate": "2023-12-27T11:59:27.963",
            "updateDate": "2023-12-27T11:59:27.963",
            "lastLoginDate": null,
            "approvedBy": null,
            "updatedBy": null,
            "firstAccess": true
        },
        {
            "name": "Daniel Viveiros",
            "email": "yuri.quaresma@example.com",
            "id": 61,
            "createDate": "2023-12-27T13:44:04.347",
            "active": true,
            "approvalDate": "2023-12-27T13:44:04.347",
            "updateDate": "2023-12-27T13:44:04.347",
            "lastLoginDate": null,
            "approvedBy": null,
            "updatedBy": null,
            "firstAccess": true
        },
        {
            "name": "TEST",
            "email": "allana.marcondes@examplee",
            "id": 62,
            "createDate": "2023-12-27T13:49:10.26",
            "active": true,
            "approvalDate": "2023-12-27T13:49:10.26",
            "updateDate": "2023-12-27T13:49:10.26",
            "lastLoginDate": null,
            "approvedBy": null,
            "updatedBy": null,
            "firstAccess": true
        },
        {
            "name": "TEST",
            "email": "allana.marcondesФ@example.com",
            "id": 63,
            "createDate": "2023-12-27T13:50:32.113",
            "active": true,
            "approvalDate": "2023-12-27T13:50:32.113",
            "updateDate": "2023-12-27T13:50:32.113",
            "lastLoginDate": null,
            "approvedBy": null,
            "updatedBy": null,
            "firstAccess": true
        },
        {
            "name": "123",
            "email": "allana.marcondes@example.com",
            "id": 64,
            "createDate": "2023-12-27T13:51:30.15",
            "active": true,
            "approvalDate": "2023-12-27T13:51:30.15",
            "updateDate": "2023-12-27T13:51:30.15",
            "lastLoginDate": null,
            "approvedBy": null,
            "updatedBy": null,
            "firstAccess": true
        },
        {
            "name": "LeBron James",
            "email": "lebronjames@example",
            "id": 65,
            "createDate": "2023-12-27T13:52:58.573",
            "active": true,
            "approvalDate": "2023-12-27T13:52:58.573",
            "updateDate": "2023-12-27T13:52:58.573",
            "lastLoginDate": null,
            "approvedBy": null,
            "updatedBy": null,
            "firstAccess": true
        },
        {
            "name": "?",
            "email": "lebronjames@example.com",
            "id": 66,
            "createDate": "2023-12-27T13:56:54.053",
            "active": true,
            "approvalDate": "2023-12-27T13:56:54.053",
            "updateDate": "2023-12-27T13:56:54.053",
            "lastLoginDate": null,
            "approvedBy": null,
            "updatedBy": null,
            "firstAccess": true
        },
        {
            "name": "??",
            "email": "lebronjamesssss@example.com",
            "id": 67,
            "createDate": "2023-12-27T13:57:33.133",
            "active": true,
            "approvalDate": "2023-12-27T13:57:33.133",
            "updateDate": "2023-12-27T13:57:33.133",
            "lastLoginDate": null,
            "approvedBy": null,
            "updatedBy": null,
            "firstAccess": true
        },
        {
            "name": "L",
            "email": "lebronjamesss@example.com",
            "id": 68,
            "createDate": "2023-12-27T14:03:42.013",
            "active": true,
            "approvalDate": "2023-12-27T14:03:42.013",
            "updateDate": "2023-12-27T14:03:42.013",
            "lastLoginDate": null,
            "approvedBy": null,
            "updatedBy": null,
            "firstAccess": true
        },
        {
            "name": "AAAAAAAAAAAAAAAAAAAAAAAAAAAAAAAAAAAAAAAAAAAAAAAAAAAAAAAAAAAAAAAAAAAAAAAAAAAAAAAAAAAAAAAAAAAAAAAAAAAAAAAAAAAAAAAAAAAAAAAAAAAAAAAAAAAAAAAAAAAAAAAAAAAAAAAAAAAAAAAAA",
            "email": "LONGNAME@example.com",
            "id": 69,
            "createDate": "2023-12-27T14:04:54.777",
            "active": true,
            "approvalDate": "2023-12-27T14:04:54.777",
            "updateDate": "2023-12-27T14:04:54.777",
            "lastLoginDate": null,
            "approvedBy": null,
            "updatedBy": null,
            "firstAccess": true
        },
        {
            "name": "Ofélia Monteira",
            "email": "alessandro.menendes@example.com",
            "id": 70,
            "createDate": "2023-12-27T14:32:23.47",
            "active": true,
            "approvalDate": "2023-12-27T14:32:23.47",
            "updateDate": "2023-12-27T14:32:23.47",
            "lastLoginDate": null,
            "approvedBy": null,
            "updatedBy": null,
            "firstAccess": true
        },
        {
            "name": "Pedro Lucas Castanho",
            "email": "bernardo.dosreis@example.com",
            "id": 71,
            "createDate": "2023-12-27T14:33:03.343",
            "active": true,
            "approvalDate": "2023-12-27T14:33:03.343",
            "updateDate": "2023-12-27T14:33:03.343",
            "lastLoginDate": null,
            "approvedBy": null,
            "updatedBy": null,
            "firstAccess": true
        },
        {
            "name": "Heloísa Hernandes",
            "email": "arthurmiguel.ramalho@example.com",
            "id": 72,
            "createDate": "2023-12-27T14:34:39.81",
            "active": true,
            "approvalDate": "2023-12-27T14:34:39.81",
            "updateDate": "2023-12-27T14:34:39.81",
            "lastLoginDate": null,
            "approvedBy": null,
            "updatedBy": null,
            "firstAccess": true
        },
        {
            "name": "Ladislau Danho",
            "email": "livia.rios@example.com",
            "id": 73,
            "createDate": "2023-12-27T14:37:01.267",
            "active": true,
            "approvalDate": "2023-12-27T14:37:01.267",
            "updateDate": "2023-12-27T14:37:55.357",
            "lastLoginDate": null,
            "approvedBy": null,
            "updatedBy": null,
            "firstAccess": true
        },
        {
            "name": "Carlos Eduardo Nogueira",
            "email": "jose.barroso@example.com",
            "id": 80,
            "createDate": "2023-12-27T15:37:25.04",
            "active": true,
            "approvalDate": "2023-12-27T15:37:25.04",
            "updateDate": "2023-12-27T15:37:25.04",
            "lastLoginDate": null,
            "approvedBy": null,
            "updatedBy": null,
            "firstAccess": true
        },
        {
            "name": "Carla Arantes",
            "email": "luana.moreno@example.com",
            "id": 81,
            "createDate": "2023-12-27T15:42:36.09",
            "active": true,
            "approvalDate": "2023-12-27T15:42:36.09",
            "updateDate": "2023-12-27T15:42:36.09",
            "lastLoginDate": null,
            "approvedBy": null,
            "updatedBy": null,
            "firstAccess": true
        },
        {
            "name": "Perfil Marketing",
            "email": "marketing@mailinator.com",
            "id": 88,
            "createDate": "2023-12-28T13:07:30.737",
            "active": true,
            "approvalDate": "2023-12-28T13:07:30.737",
            "updateDate": "2023-12-28T14:25:59.87",
            "lastLoginDate": "2024-01-03T14:25:12.63",
            "approvedBy": null,
            "updatedBy": null,
            "firstAccess": false
        },
        {
            "name": "Perfil Esportes",
            "email": "esportes@mailinator.com",
            "id": 89,
            "createDate": "2023-12-28T13:07:49.123",
            "active": true,
            "approvalDate": "2023-12-28T13:07:49.123",
            "updateDate": "2023-12-28T14:25:18.603",
            "lastLoginDate": "2024-01-03T14:24:44.28",
            "approvedBy": null,
            "updatedBy": null,
            "firstAccess": false
        },
        {
            "name": "Perfil Ouvidoria",
            "email": "ouvidoria@mailinator.com",
            "id": 90,
            "createDate": "2023-12-28T13:08:10.007",
            "active": true,
            "approvalDate": "2023-12-28T13:08:10.007",
            "updateDate": "2023-12-28T14:26:47.24",
            "lastLoginDate": "2024-01-03T14:26:24.383",
            "approvedBy": null,
            "updatedBy": null,
            "firstAccess": false
        },
        {
            "name": "Perfil Eventos",
            "email": "eventos@mailinator.com",
            "id": 91,
            "createDate": "2023-12-28T13:08:27.797",
            "active": true,
            "approvalDate": "2023-12-28T13:08:27.797",
            "updateDate": "2023-12-28T14:25:31.81",
            "lastLoginDate": "2024-01-03T14:23:46.93",
            "approvedBy": null,
            "updatedBy": null,
            "firstAccess": false
        },
        {
            "name": "João Vitor Monteira",
            "email": "pedromiguel.diegues@example.com",
            "id": 134,
            "createDate": "2024-01-02T15:04:30.123",
            "active": true,
            "approvalDate": "2024-01-02T15:04:30.123",
            "updateDate": "2024-01-02T15:04:30.123",
            "lastLoginDate": null,
            "approvedBy": null,
            "updatedBy": null,
            "firstAccess": true
        },
        {
            "name": "Sílvia Sais",
            "email": "guilherme.machado@digitalbusiness",
            "id": 138,
            "createDate": "2024-01-02T15:32:49.573",
            "active": true,
            "approvalDate": "2024-01-02T15:32:49.573",
            "updateDate": "2024-01-02T15:32:49.573",
            "lastLoginDate": null,
            "approvedBy": null,
            "updatedBy": null,
            "firstAccess": true
        },
        {
            "name": "Agatha Peres",
            "email": "guilherme.machado @ digitalbusiness .com.br",
            "id": 139,
            "createDate": "2024-01-02T15:37:44.877",
            "active": true,
            "approvalDate": "2024-01-02T15:37:44.877",
            "updateDate": "2024-01-02T15:37:44.877",
            "lastLoginDate": null,
            "approvedBy": null,
            "updatedBy": null,
            "firstAccess": true
        },
        {
            "name": "",
            "email": "jafif29049@usoplay.com",
            "id": 140,
            "createDate": "2024-01-03T09:58:33.617",
            "active": true,
            "approvalDate": "2024-01-03T09:58:33.617",
            "updateDate": "2024-01-03T10:05:40.29",
            "lastLoginDate": null,
            "approvedBy": null,
            "updatedBy": null,
            "firstAccess": true
        },
        {
            "name": "Lorem Ipslum",
            "email": "xesese9570@ubinert.com",
            "id": 144,
            "createDate": "2024-01-03T10:33:38.623",
            "active": true,
            "approvalDate": "2024-01-03T10:33:38.623",
            "updateDate": "2024-01-03T10:33:38.623",
            "lastLoginDate": null,
            "approvedBy": null,
            "updatedBy": null,
            "firstAccess": false
        },
        {
            "name": "Marcos Santana",
            "email": "wadix39700@ubinert.com",
            "id": 154,
            "createDate": "2024-01-04T13:24:25.693",
            "active": true,
            "approvalDate": "2024-01-04T13:24:25.693",
            "updateDate": "2024-01-04T13:24:25.693",
            "lastLoginDate": null,
            "approvedBy": null,
            "updatedBy": null,
            "firstAccess": true
        },
        {
            "name": "Sophie Caldeira",
            "email": "yajamip154@ubinert.com",
            "id": 155,
            "createDate": "2024-01-04T13:29:10.28",
            "active": true,
            "approvalDate": "2024-01-04T13:29:10.28",
            "updateDate": "2024-01-04T13:29:10.28",
            "lastLoginDate": null,
            "approvedBy": null,
            "updatedBy": null,
            "firstAccess": true
        },
        {
            "name": "Davi Ludmer Peixoto",
            "email": "gawev84971@visignal.com",
            "id": 156,
            "createDate": "2024-01-04T14:22:33.983",
            "active": true,
            "approvalDate": "2024-01-04T14:22:33.983",
            "updateDate": "2024-01-04T14:22:33.983",
            "lastLoginDate": null,
            "approvedBy": null,
            "updatedBy": null,
            "firstAccess": true
        },
        {
            "name": "Lorem Ipslum",
            "email": "goxed75596@vasteron.com",
            "id": 158,
            "createDate": "2024-01-04T15:07:22.84",
            "active": true,
            "approvalDate": "2024-01-04T15:07:22.84",
            "updateDate": "2024-01-04T15:07:22.84",
            "lastLoginDate": null,
            "approvedBy": null,
            "updatedBy": null,
            "firstAccess": true
        },
        {
            "name": "Adriana Chaves",
            "email": "frederico.banheira@example.com",
            "id": 159,
            "createDate": "2024-01-04T15:08:57.333",
            "active": true,
            "approvalDate": "2024-01-04T15:08:57.333",
            "updateDate": "2024-01-04T15:08:57.333",
            "lastLoginDate": null,
            "approvedBy": null,
            "updatedBy": null,
            "firstAccess": true
        }
    ],
    "exception": null,
    "status": "OK",
    "isSuccessStatus": true,
    "messages": [
        
    ]
}
]]></system-out>
  </testcase>
  <testcase name="naoCriarUsuarioComCaracterEspecialDepoisDoArroba" classname="test.Users.UserTest" time="0.817">
    <system-out><![CDATA[HTTP/1.1 400 Bad Request
Date: Thu, 04 Jan 2024 18:53:56 GMT
Content-Type: application/json; charset=utf-8
Transfer-Encoding: chunked
Connection: keep-alive
Server: Kestrel

{
    "content": null,
    "exception": null,
    "status": "BadRequest",
    "isSuccessStatus": false,
    "messages": [
        {
            "text": "Name or Email in wrong format"
        }
    ]
}
]]></system-out>
  </testcase>
  <testcase name="naoCriarUsuarioComEmailSemArroba" classname="test.Users.UserTest" time="0.833">
    <system-out><![CDATA[HTTP/1.1 400 Bad Request
Date: Thu, 04 Jan 2024 18:53:57 GMT
Content-Type: application/json; charset=utf-8
Transfer-Encoding: chunked
Connection: keep-alive
Server: Kestrel

{
    "content": null,
    "exception": null,
    "status": "BadRequest",
    "isSuccessStatus": false,
    "messages": [
        {
            "text": "Name or Email in wrong format"
        }
    ]
}
]]></system-out>
  </testcase>
  <testcase name="naoListarUserSectionPorIdInvalido" classname="test.Users.UserTest" time="0.819">
    <system-out><![CDATA[HTTP/1.1 400 Bad Request
Date: Thu, 04 Jan 2024 18:53:59 GMT
Content-Type: application/json; charset=utf-8
Transfer-Encoding: chunked
Connection: keep-alive
Server: Kestrel

{
    "content": [
        
    ],
    "exception": null,
    "status": "BadRequest",
    "isSuccessStatus": false,
    "messages": [
        {
            "text": "User not found"
        }
    ]
}
]]></system-out>
  </testcase>
  <testcase name="naoListarUserPorIdSemToken" classname="test.Users.UserTest" time="0.834">
    <system-out><![CDATA[HTTP/1.1 401 Unauthorized
Date: Thu, 04 Jan 2024 18:54:01 GMT
Content-Type: application/json
Transfer-Encoding: chunked
Connection: keep-alive
Server: Kestrel

{
    "Status": 401,
    "IsSuccessStatus": false,
    "Messages": [
        {
            "Code": null,
            "Text": "Unauthorized Access"
        }
    ]
}
]]></system-out>
  </testcase>
  <testcase name="naoListarUserSectionPorIdSemToken" classname="test.Users.UserTest" time="0.837">
    <system-out><![CDATA[HTTP/1.1 401 Unauthorized
Date: Thu, 04 Jan 2024 18:54:03 GMT
Content-Type: application/json
Transfer-Encoding: chunked
Connection: keep-alive
Server: Kestrel

{
    "Status": 401,
    "IsSuccessStatus": false,
    "Messages": [
        {
            "Code": null,
            "Text": "Unauthorized Access"
        }
    ]
}
]]></system-out>
  </testcase>
  <testcase name="naoCriarUsuarioComEmailVazio" classname="test.Users.UserTest" time="0.905">
    <system-out><![CDATA[HTTP/1.1 400 Bad Request
Date: Thu, 04 Jan 2024 18:54:04 GMT
Content-Type: application/json; charset=utf-8
Transfer-Encoding: chunked
Connection: keep-alive
Server: Kestrel

{
    "content": null,
    "exception": null,
    "status": "BadRequest",
    "isSuccessStatus": false,
    "messages": [
        {
            "text": "Name or Email in wrong format"
        }
    ]
}
]]></system-out>
  </testcase>
  <testcase name="alterarUsuarioApenasStatusAtivo" classname="test.Users.UserTest" time="0.814">
    <system-out><![CDATA[HTTP/1.1 200 OK
Date: Thu, 04 Jan 2024 18:54:06 GMT
Content-Type: application/json; charset=utf-8
Transfer-Encoding: chunked
Connection: keep-alive
Server: Kestrel

{
    "content": {
        "name": "Núbia Ramos",
        "email": "docaj14227@aseall.com",
        "id": 34,
        "createDate": "2023-12-19T15:41:38.227",
        "active": true,
        "approvalDate": "2023-12-19T15:41:38.227",
        "updateDate": "2024-01-04T15:54:06.4106051-03:00",
        "lastLoginDate": null,
        "approvedBy": null,
        "updatedBy": null,
        "firstAccess": true
    },
    "exception": null,
    "status": "OK",
    "isSuccessStatus": true,
    "messages": [
        
    ]
}
]]></system-out>
  </testcase>
  <testcase name="naoAlterarUsuarioApenasNomeComNumero" classname="test.Users.UserTest" time="0.88">
    <system-out><![CDATA[HTTP/1.1 400 Bad Request
Date: Thu, 04 Jan 2024 18:54:08 GMT
Content-Type: application/json; charset=utf-8
Transfer-Encoding: chunked
Connection: keep-alive
Server: Kestrel

{
    "content": null,
    "exception": null,
    "status": "BadRequest",
    "isSuccessStatus": false,
    "messages": [
        {
            "text": "Name in wrong format"
        }
    ]
}
]]></system-out>
  </testcase>
  <testcase name="naoCriarUsuarioComNomeVazio" classname="test.Users.UserTest" time="0.84">
    <system-out><![CDATA[HTTP/1.1 400 Bad Request
Date: Thu, 04 Jan 2024 18:54:09 GMT
Content-Type: application/json; charset=utf-8
Transfer-Encoding: chunked
Connection: keep-alive
Server: Kestrel

{
    "content": null,
    "exception": null,
    "status": "BadRequest",
    "isSuccessStatus": false,
    "messages": [
        {
            "text": "Name or Email in wrong format"
        }
    ]
}
]]></system-out>
  </testcase>
  <testcase name="naoCriarUsuarioComEmailSemExtensao" classname="test.Users.UserTest" time="0.84">
    <system-out><![CDATA[HTTP/1.1 400 Bad Request
Date: Thu, 04 Jan 2024 18:54:11 GMT
Content-Type: application/json; charset=utf-8
Transfer-Encoding: chunked
Connection: keep-alive
Server: Kestrel

{
    "content": null,
    "exception": null,
    "status": "BadRequest",
    "isSuccessStatus": false,
    "messages": [
        {
            "text": "Name or Email in wrong format"
        }
    ]
}
]]></system-out>
  </testcase>
  <testcase name="deletarUsuario" classname="test.Users.UserTest" time="2.759">
    <system-out><![CDATA[HTTP/1.1 200 OK
Date: Thu, 04 Jan 2024 18:54:15 GMT
Content-Type: application/json; charset=utf-8
Transfer-Encoding: chunked
Connection: keep-alive
Server: Kestrel

{
    "exception": null,
    "status": "OK",
    "isSuccessStatus": true,
    "messages": [
        {
            "text": "User deleted"
        }
    ]
}
]]></system-out>
  </testcase>
  <testcase name="alterarUsuarioCompleto" classname="test.Users.UserTest" time="0.826">
    <system-out><![CDATA[HTTP/1.1 200 OK
Date: Thu, 04 Jan 2024 18:54:16 GMT
Content-Type: application/json; charset=utf-8
Transfer-Encoding: chunked
Connection: keep-alive
Server: Kestrel

{
    "content": {
        "name": "Fabrícia Veles",
        "email": "docaj14227@aseall.com",
        "id": 34,
        "createDate": "2023-12-19T15:41:38.227",
        "active": false,
        "approvalDate": "2023-12-19T15:41:38.227",
        "updateDate": "2024-01-04T15:54:16.6978108-03:00",
        "lastLoginDate": null,
        "approvedBy": null,
        "updatedBy": null,
        "firstAccess": true
    },
    "exception": null,
    "status": "OK",
    "isSuccessStatus": true,
    "messages": [
        
    ]
}
]]></system-out>
  </testcase>
  <testcase name="naoListarUsersSemToken" classname="test.Users.UserTest" time="0.81">
    <system-out><![CDATA[HTTP/1.1 401 Unauthorized
Date: Thu, 04 Jan 2024 18:54:18 GMT
Content-Type: application/json
Transfer-Encoding: chunked
Connection: keep-alive
Server: Kestrel

{
    "Status": 401,
    "IsSuccessStatus": false,
    "Messages": [
        {
            "Code": null,
            "Text": "Unauthorized Access"
        }
    ]
}
]]></system-out>
  </testcase>
  <testcase name="naoCriarUsuarioComNomeMenorQue2Caracteres" classname="test.Users.UserTest" time="0.82">
    <system-out><![CDATA[HTTP/1.1 400 Bad Request
Date: Thu, 04 Jan 2024 18:54:19 GMT
Content-Type: application/json; charset=utf-8
Transfer-Encoding: chunked
Connection: keep-alive
Server: Kestrel

{
    "content": null,
    "exception": null,
    "status": "BadRequest",
    "isSuccessStatus": false,
    "messages": [
        {
            "text": "Name or Email in wrong format"
        }
    ]
}
]]></system-out>
  </testcase>
  <testcase name="naoCriarUsuarioComEmojiDepoisDoArroba" classname="test.Users.UserTest" time="0.862">
    <system-out><![CDATA[HTTP/1.1 400 Bad Request
Date: Thu, 04 Jan 2024 18:54:21 GMT
Content-Type: application/json; charset=utf-8
Transfer-Encoding: chunked
Connection: keep-alive
Server: Kestrel

{
    "content": null,
    "exception": null,
    "status": "BadRequest",
    "isSuccessStatus": false,
    "messages": [
        {
            "text": "Name or Email in wrong format"
        }
    ]
}
]]></system-out>
  </testcase>
  <testcase name="naoCriarUsuarioComNomeEmBranco" classname="test.Users.UserTest" time="15.85">
    <system-out><![CDATA[HTTP/1.1 400 Bad Request
Date: Thu, 04 Jan 2024 18:54:38 GMT
Content-Type: application/json; charset=utf-8
Transfer-Encoding: chunked
Connection: keep-alive
Server: Kestrel

{
    "content": null,
    "exception": null,
    "status": "BadRequest",
    "isSuccessStatus": false,
    "messages": [
        {
            "text": "Name or Email in wrong format"
        }
    ]
}
]]></system-out>
  </testcase>
  <testcase name="naoAlterarUsuarioApenasNomeVazio_BUG" classname="test.Users.UserTest" time="0.802">
    <failure message="1 expectation failed.&#10;JSON path status doesn&apos;t match.&#10;Expected: is &quot;BadRequest&quot;&#10;  Actual: OK&#10;" type="java.lang.AssertionError"><![CDATA[java.lang.AssertionError: 
1 expectation failed.
JSON path status doesn't match.
Expected: is "BadRequest"
  Actual: OK

	at java.base/jdk.internal.reflect.NativeConstructorAccessorImpl.newInstance0(Native Method)
	at java.base/jdk.internal.reflect.NativeConstructorAccessorImpl.newInstance(NativeConstructorAccessorImpl.java:77)
	at java.base/jdk.internal.reflect.DelegatingConstructorAccessorImpl.newInstance(DelegatingConstructorAccessorImpl.java:45)
	at java.base/java.lang.reflect.Constructor.newInstanceWithCaller(Constructor.java:499)
	at java.base/java.lang.reflect.Constructor.newInstance(Constructor.java:480)
	at org.codehaus.groovy.reflection.CachedConstructor.invoke(CachedConstructor.java:72)
	at org.codehaus.groovy.runtime.callsite.ConstructorSite$ConstructorSiteNoUnwrapNoCoerce.callConstructor(ConstructorSite.java:105)
	at org.codehaus.groovy.runtime.callsite.AbstractCallSite.callConstructor(AbstractCallSite.java:277)
	at io.restassured.internal.ResponseSpecificationImpl$HamcrestAssertionClosure.validate(ResponseSpecificationImpl.groovy:493)
	at io.restassured.internal.ResponseSpecificationImpl$HamcrestAssertionClosure$validate$1.call(Unknown Source)
	at io.restassured.internal.ResponseSpecificationImpl.validateResponseIfRequired(ResponseSpecificationImpl.groovy:674)
	at jdk.internal.reflect.GeneratedMethodAccessor84.invoke(Unknown Source)
	at java.base/jdk.internal.reflect.DelegatingMethodAccessorImpl.invoke(DelegatingMethodAccessorImpl.java:43)
	at java.base/java.lang.reflect.Method.invoke(Method.java:568)
	at org.codehaus.groovy.runtime.callsite.PlainObjectMetaMethodSite.doInvoke(PlainObjectMetaMethodSite.java:43)
	at org.codehaus.groovy.runtime.callsite.PogoMetaMethodSite$PogoCachedMethodSiteNoUnwrapNoCoerce.invoke(PogoMetaMethodSite.java:193)
	at org.codehaus.groovy.runtime.callsite.PogoMetaMethodSite.callCurrent(PogoMetaMethodSite.java:61)
	at org.codehaus.groovy.runtime.callsite.AbstractCallSite.callCurrent(AbstractCallSite.java:185)
	at io.restassured.internal.ResponseSpecificationImpl.body(ResponseSpecificationImpl.groovy:261)
	at io.restassured.specification.ResponseSpecification$body$3.callCurrent(Unknown Source)
	at io.restassured.internal.ResponseSpecificationImpl.body(ResponseSpecificationImpl.groovy:108)
	at io.restassured.internal.ValidatableResponseOptionsImpl.body(ValidatableResponseOptionsImpl.java:244)
	at io.restassured.internal.ValidatableResponseImpl.super$2$body(ValidatableResponseImpl.groovy)
	at jdk.internal.reflect.GeneratedMethodAccessor238.invoke(Unknown Source)
	at java.base/jdk.internal.reflect.DelegatingMethodAccessorImpl.invoke(DelegatingMethodAccessorImpl.java:43)
	at java.base/java.lang.reflect.Method.invoke(Method.java:568)
	at org.codehaus.groovy.reflection.CachedMethod.invoke(CachedMethod.java:107)
	at groovy.lang.MetaMethod.doMethodInvoke(MetaMethod.java:323)
	at groovy.lang.MetaClassImpl.invokeMethod(MetaClassImpl.java:1268)
	at org.codehaus.groovy.runtime.ScriptBytecodeAdapter.invokeMethodOnSuperN(ScriptBytecodeAdapter.java:144)
	at io.restassured.internal.ValidatableResponseImpl.body(ValidatableResponseImpl.groovy:298)
	at io.restassured.internal.ValidatableResponseImpl.body(ValidatableResponseImpl.groovy)
	at test.Users.UserTest.naoAlterarUsuarioApenasNomeVazio_BUG(UserTest.java:769)
	at java.base/jdk.internal.reflect.NativeMethodAccessorImpl.invoke0(Native Method)
	at java.base/jdk.internal.reflect.NativeMethodAccessorImpl.invoke(NativeMethodAccessorImpl.java:77)
	at java.base/jdk.internal.reflect.DelegatingMethodAccessorImpl.invoke(DelegatingMethodAccessorImpl.java:43)
	at java.base/java.lang.reflect.Method.invoke(Method.java:568)
	at org.junit.platform.commons.util.ReflectionUtils.invokeMethod(ReflectionUtils.java:728)
	at org.junit.jupiter.engine.execution.MethodInvocation.proceed(MethodInvocation.java:60)
	at org.junit.jupiter.engine.execution.InvocationInterceptorChain$ValidatingInvocation.proceed(InvocationInterceptorChain.java:131)
	at org.junit.jupiter.api.extension.InvocationInterceptor.interceptTestMethod(InvocationInterceptor.java:119)
	at org.junit.jupiter.engine.execution.InterceptingExecutableInvoker$ReflectiveInterceptorCall.lambda$ofVoidMethod$0(InterceptingExecutableInvoker.java:103)
	at org.junit.jupiter.engine.execution.InterceptingExecutableInvoker.lambda$invoke$0(InterceptingExecutableInvoker.java:93)
	at org.junit.jupiter.engine.execution.InvocationInterceptorChain$InterceptedInvocation.proceed(InvocationInterceptorChain.java:106)
	at org.junit.jupiter.engine.extension.TimeoutExtension.intercept(TimeoutExtension.java:156)
	at org.junit.jupiter.engine.extension.TimeoutExtension.interceptTestableMethod(TimeoutExtension.java:147)
	at org.junit.jupiter.engine.extension.TimeoutExtension.interceptTestMethod(TimeoutExtension.java:86)
	at org.junit.jupiter.engine.execution.InterceptingExecutableInvoker$ReflectiveInterceptorCall.lambda$ofVoidMethod$0(InterceptingExecutableInvoker.java:103)
	at org.junit.jupiter.engine.execution.InterceptingExecutableInvoker.lambda$invoke$0(InterceptingExecutableInvoker.java:93)
	at org.junit.jupiter.engine.execution.InvocationInterceptorChain$InterceptedInvocation.proceed(InvocationInterceptorChain.java:106)
	at org.junit.jupiter.engine.execution.InvocationInterceptorChain.proceed(InvocationInterceptorChain.java:64)
	at org.junit.jupiter.engine.execution.InvocationInterceptorChain.chainAndInvoke(InvocationInterceptorChain.java:45)
	at org.junit.jupiter.engine.execution.InvocationInterceptorChain.invoke(InvocationInterceptorChain.java:37)
	at org.junit.jupiter.engine.execution.InterceptingExecutableInvoker.invoke(InterceptingExecutableInvoker.java:92)
	at org.junit.jupiter.engine.execution.InterceptingExecutableInvoker.invoke(InterceptingExecutableInvoker.java:86)
	at org.junit.jupiter.engine.descriptor.TestMethodTestDescriptor.lambda$invokeTestMethod$7(TestMethodTestDescriptor.java:218)
	at org.junit.platform.engine.support.hierarchical.ThrowableCollector.execute(ThrowableCollector.java:73)
	at org.junit.jupiter.engine.descriptor.TestMethodTestDescriptor.invokeTestMethod(TestMethodTestDescriptor.java:214)
	at org.junit.jupiter.engine.descriptor.TestMethodTestDescriptor.execute(TestMethodTestDescriptor.java:139)
	at org.junit.jupiter.engine.descriptor.TestMethodTestDescriptor.execute(TestMethodTestDescriptor.java:69)
	at org.junit.platform.engine.support.hierarchical.NodeTestTask.lambda$executeRecursively$6(NodeTestTask.java:151)
	at org.junit.platform.engine.support.hierarchical.ThrowableCollector.execute(ThrowableCollector.java:73)
	at org.junit.platform.engine.support.hierarchical.NodeTestTask.lambda$executeRecursively$8(NodeTestTask.java:141)
	at org.junit.platform.engine.support.hierarchical.Node.around(Node.java:137)
	at org.junit.platform.engine.support.hierarchical.NodeTestTask.lambda$executeRecursively$9(NodeTestTask.java:139)
	at org.junit.platform.engine.support.hierarchical.ThrowableCollector.execute(ThrowableCollector.java:73)
	at org.junit.platform.engine.support.hierarchical.NodeTestTask.executeRecursively(NodeTestTask.java:138)
	at org.junit.platform.engine.support.hierarchical.NodeTestTask.execute(NodeTestTask.java:95)
	at java.base/java.util.ArrayList.forEach(ArrayList.java:1511)
	at org.junit.platform.engine.support.hierarchical.SameThreadHierarchicalTestExecutorService.invokeAll(SameThreadHierarchicalTestExecutorService.java:41)
	at org.junit.platform.engine.support.hierarchical.NodeTestTask.lambda$executeRecursively$6(NodeTestTask.java:155)
	at org.junit.platform.engine.support.hierarchical.ThrowableCollector.execute(ThrowableCollector.java:73)
	at org.junit.platform.engine.support.hierarchical.NodeTestTask.lambda$executeRecursively$8(NodeTestTask.java:141)
	at org.junit.platform.engine.support.hierarchical.Node.around(Node.java:137)
	at org.junit.platform.engine.support.hierarchical.NodeTestTask.lambda$executeRecursively$9(NodeTestTask.java:139)
	at org.junit.platform.engine.support.hierarchical.ThrowableCollector.execute(ThrowableCollector.java:73)
	at org.junit.platform.engine.support.hierarchical.NodeTestTask.executeRecursively(NodeTestTask.java:138)
	at org.junit.platform.engine.support.hierarchical.NodeTestTask.execute(NodeTestTask.java:95)
	at java.base/java.util.ArrayList.forEach(ArrayList.java:1511)
	at org.junit.platform.engine.support.hierarchical.SameThreadHierarchicalTestExecutorService.invokeAll(SameThreadHierarchicalTestExecutorService.java:41)
	at org.junit.platform.engine.support.hierarchical.NodeTestTask.lambda$executeRecursively$6(NodeTestTask.java:155)
	at org.junit.platform.engine.support.hierarchical.ThrowableCollector.execute(ThrowableCollector.java:73)
	at org.junit.platform.engine.support.hierarchical.NodeTestTask.lambda$executeRecursively$8(NodeTestTask.java:141)
	at org.junit.platform.engine.support.hierarchical.Node.around(Node.java:137)
	at org.junit.platform.engine.support.hierarchical.NodeTestTask.lambda$executeRecursively$9(NodeTestTask.java:139)
	at org.junit.platform.engine.support.hierarchical.ThrowableCollector.execute(ThrowableCollector.java:73)
	at org.junit.platform.engine.support.hierarchical.NodeTestTask.executeRecursively(NodeTestTask.java:138)
	at org.junit.platform.engine.support.hierarchical.NodeTestTask.execute(NodeTestTask.java:95)
	at org.junit.platform.engine.support.hierarchical.SameThreadHierarchicalTestExecutorService.submit(SameThreadHierarchicalTestExecutorService.java:35)
	at org.junit.platform.engine.support.hierarchical.HierarchicalTestExecutor.execute(HierarchicalTestExecutor.java:57)
	at org.junit.platform.engine.support.hierarchical.HierarchicalTestEngine.execute(HierarchicalTestEngine.java:54)
	at org.junit.platform.launcher.core.EngineExecutionOrchestrator.execute(EngineExecutionOrchestrator.java:107)
	at org.junit.platform.launcher.core.EngineExecutionOrchestrator.execute(EngineExecutionOrchestrator.java:88)
	at org.junit.platform.launcher.core.EngineExecutionOrchestrator.lambda$execute$0(EngineExecutionOrchestrator.java:54)
	at org.junit.platform.launcher.core.EngineExecutionOrchestrator.withInterceptedStreams(EngineExecutionOrchestrator.java:67)
	at org.junit.platform.launcher.core.EngineExecutionOrchestrator.execute(EngineExecutionOrchestrator.java:52)
	at org.junit.platform.launcher.core.DefaultLauncher.execute(DefaultLauncher.java:114)
	at org.junit.platform.launcher.core.DefaultLauncher.execute(DefaultLauncher.java:86)
	at org.junit.platform.launcher.core.DefaultLauncherSession$DelegatingLauncher.execute(DefaultLauncherSession.java:86)
	at org.apache.maven.surefire.junitplatform.LazyLauncher.execute(LazyLauncher.java:55)
	at org.apache.maven.surefire.junitplatform.JUnitPlatformProvider.execute(JUnitPlatformProvider.java:223)
	at org.apache.maven.surefire.junitplatform.JUnitPlatformProvider.invokeAllTests(JUnitPlatformProvider.java:175)
	at org.apache.maven.surefire.junitplatform.JUnitPlatformProvider.invoke(JUnitPlatformProvider.java:139)
	at org.apache.maven.surefire.booter.ForkedBooter.runSuitesInProcess(ForkedBooter.java:456)
	at org.apache.maven.surefire.booter.ForkedBooter.execute(ForkedBooter.java:169)
	at org.apache.maven.surefire.booter.ForkedBooter.run(ForkedBooter.java:595)
	at org.apache.maven.surefire.booter.ForkedBooter.main(ForkedBooter.java:581)
]]></failure>
    <system-out><![CDATA[HTTP/1.1 200 OK
Date: Thu, 04 Jan 2024 18:54:39 GMT
Content-Type: application/json; charset=utf-8
Transfer-Encoding: chunked
Connection: keep-alive
Server: Kestrel

{
    "content": {
        "name": "",
        "email": "docaj14227@aseall.com",
        "id": 34,
        "createDate": "2023-12-19T15:41:38.227",
        "active": false,
        "approvalDate": "2023-12-19T15:41:38.227",
        "updateDate": "2024-01-04T15:54:39.9635203-03:00",
        "lastLoginDate": null,
        "approvedBy": null,
        "updatedBy": null,
        "firstAccess": true
    },
    "exception": null,
    "status": "OK",
    "isSuccessStatus": true,
    "messages": [
        
    ]
}
Request method:	PATCH
Request URI:	https://api-backofficeapp-homologacao.gnu.com.br/api/v1/users/34
Proxy:			<none>
Request params:	<none>
Query params:	<none>
Form params:	<none>
Path params:	id=34
Headers:		Accept=application/json, application/javascript, text/javascript, text/json
				Authorization=Bearer eyJhbGciOiJIUzI1NiIsInR5cCI6IkpXVCJ9.eyJodHRwOi8vc2NoZW1hcy5taWNyb3NvZnQuY29tL3dzLzIwMDgvMDYvaWRlbnRpdHkvY2xhaW1zL3VzZXJkYXRhIjoie1wiSWRcIjozMSxcIlJvbGVzXCI6W1wibWFzdGVyXCJdLFwiTmFtZVwiOlwiR3VpbGhlcm1lIE1hY2hhZG9cIixcIkVtYWlsXCI6XCJndWlsaGVybWUubWFjaGFkb0BkaWdpdGFsYnVzaW5lc3MuY29tLmJyXCIsXCJDb2RlXCI6bnVsbCxcIlRva2VuXCI6bnVsbH0iLCJuYmYiOjE3MDQzOTQ0NzksImV4cCI6MTcwNDQ4MDg3OSwiaWF0IjoxNzA0Mzk0NDc5fQ._92GLdGueaH9U1fOvVnLxKsKOE41x2X6uafkLhAbf40
				Content-Type=application/json
Cookies:		<none>
Multiparts:		<none>
Body:
{
    "email": null,
    "name": "",
    "adminSectionsIds": [
        1
    ],
    "subjectIds": [
        7
    ],
    "active": false,
    "activeFaker": null,
    "newPassword": null
}

HTTP/1.1 200 OK
Date: Thu, 04 Jan 2024 18:54:39 GMT
Content-Type: application/json; charset=utf-8
Transfer-Encoding: chunked
Connection: keep-alive
Server: Kestrel

{
    "content": {
        "name": "",
        "email": "docaj14227@aseall.com",
        "id": 34,
        "createDate": "2023-12-19T15:41:38.227",
        "active": false,
        "approvalDate": "2023-12-19T15:41:38.227",
        "updateDate": "2024-01-04T15:54:39.9635203-03:00",
        "lastLoginDate": null,
        "approvedBy": null,
        "updatedBy": null,
        "firstAccess": true
    },
    "exception": null,
    "status": "OK",
    "isSuccessStatus": true,
    "messages": [
        
    ]
}
]]></system-out>
  </testcase>
  <testcase name="listarUserPorId" classname="test.Users.UserTest" time="0.82">
    <system-out><![CDATA[HTTP/1.1 200 OK
Date: Thu, 04 Jan 2024 18:54:41 GMT
Content-Type: application/json; charset=utf-8
Transfer-Encoding: chunked
Connection: keep-alive
Server: Kestrel

{
    "content": {
        "name": "Letícia Sampaio",
        "email": "leticia.sampaio@digitalbusiness.com.br",
        "id": 1,
        "createDate": "2023-08-17T11:28:32.94",
        "active": true,
        "approvalDate": "2023-08-17T11:28:32.94",
        "updateDate": "2023-12-27T11:41:35.043",
        "lastLoginDate": "2024-01-03T11:16:03.103",
        "approvedBy": null,
        "updatedBy": null,
        "firstAccess": false
    },
    "exception": null,
    "status": "OK",
    "isSuccessStatus": true,
    "messages": [
        
    ]
}
]]></system-out>
  </testcase>
  <testcase name="naoCriarUsuarioComCaracterEspecialNoNome" classname="test.Users.UserTest" time="0.838">
    <system-out><![CDATA[HTTP/1.1 400 Bad Request
Date: Thu, 04 Jan 2024 18:54:43 GMT
Content-Type: application/json; charset=utf-8
Transfer-Encoding: chunked
Connection: keep-alive
Server: Kestrel

{
    "content": null,
    "exception": null,
    "status": "BadRequest",
    "isSuccessStatus": false,
    "messages": [
        {
            "text": "Name or Email in wrong format"
        }
    ]
}
]]></system-out>
  </testcase>
  <testcase name="naoCriarUsuarioComCaracterEspecialAntesDoArroba" classname="test.Users.UserTest" time="0.829">
    <system-out><![CDATA[HTTP/1.1 400 Bad Request
Date: Thu, 04 Jan 2024 18:54:44 GMT
Content-Type: application/json; charset=utf-8
Transfer-Encoding: chunked
Connection: keep-alive
Server: Kestrel

{
    "content": null,
    "exception": null,
    "status": "BadRequest",
    "isSuccessStatus": false,
    "messages": [
        {
            "text": "Name or Email in wrong format"
        }
    ]
}
]]></system-out>
  </testcase>
  <testcase name="naoCriarUsuarioComNomeMaiorQue50Caracteres" classname="test.Users.UserTest" time="0.833">
    <system-out><![CDATA[HTTP/1.1 400 Bad Request
Date: Thu, 04 Jan 2024 18:54:46 GMT
Content-Type: application/json; charset=utf-8
Transfer-Encoding: chunked
Connection: keep-alive
Server: Kestrel

{
    "content": null,
    "exception": null,
    "status": "BadRequest",
    "isSuccessStatus": false,
    "messages": [
        {
            "text": "Name or Email in wrong format"
        }
    ]
}
]]></system-out>
  </testcase>
  <testcase name="naoAlterarUsuarioApenasNomeMenorQue2Caracteres" classname="test.Users.UserTest" time="0.827">
    <system-out><![CDATA[HTTP/1.1 400 Bad Request
Date: Thu, 04 Jan 2024 18:54:48 GMT
Content-Type: application/json; charset=utf-8
Transfer-Encoding: chunked
Connection: keep-alive
Server: Kestrel

{
    "content": null,
    "exception": null,
    "status": "BadRequest",
    "isSuccessStatus": false,
    "messages": [
        {
            "text": "Name in wrong format"
        }
    ]
}
]]></system-out>
  </testcase>
  <testcase name="naoCriarUsuarioComNumeroNoNome" classname="test.Users.UserTest" time="0.849">
    <system-out><![CDATA[HTTP/1.1 400 Bad Request
Date: Thu, 04 Jan 2024 18:54:49 GMT
Content-Type: application/json; charset=utf-8
Transfer-Encoding: chunked
Connection: keep-alive
Server: Kestrel

{
    "content": null,
    "exception": null,
    "status": "BadRequest",
    "isSuccessStatus": false,
    "messages": [
        {
            "text": "Name or Email in wrong format"
        }
    ]
}
]]></system-out>
  </testcase>
  <testcase name="naoCriarUsuarioComEmailJaExistente" classname="test.Users.UserTest" time="0.847">
    <system-out><![CDATA[HTTP/1.1 400 Bad Request
Date: Thu, 04 Jan 2024 18:54:51 GMT
Content-Type: application/json; charset=utf-8
Transfer-Encoding: chunked
Connection: keep-alive
Server: Kestrel

{
    "content": null,
    "exception": null,
    "status": "BadRequest",
    "isSuccessStatus": false,
    "messages": [
        {
            "text": "User already registered"
        }
    ]
}
]]></system-out>
  </testcase>
  <testcase name="naoCriarUsuarioComEmojiNoNome" classname="test.Users.UserTest" time="0.916">
    <system-out><![CDATA[HTTP/1.1 400 Bad Request
Date: Thu, 04 Jan 2024 18:54:53 GMT
Content-Type: application/json; charset=utf-8
Transfer-Encoding: chunked
Connection: keep-alive
Server: Kestrel

{
    "content": null,
    "exception": null,
    "status": "BadRequest",
    "isSuccessStatus": false,
    "messages": [
        {
            "text": "Name or Email in wrong format"
        }
    ]
}
]]></system-out>
  </testcase>
  <testcase name="naoAlterarUsuarioApenasNomeMaiorQue50Caracteres" classname="test.Users.UserTest" time="0.84">
    <system-out><![CDATA[HTTP/1.1 400 Bad Request
Date: Thu, 04 Jan 2024 18:54:55 GMT
Content-Type: application/json; charset=utf-8
Transfer-Encoding: chunked
Connection: keep-alive
Server: Kestrel

{
    "content": null,
    "exception": null,
    "status": "BadRequest",
    "isSuccessStatus": false,
    "messages": [
        {
            "text": "Name in wrong format"
        }
    ]
}
]]></system-out>
  </testcase>
  <testcase name="criarTokenDePrimeiroAcesso" classname="test.Users.UserTest" time="4.641">
    <system-out><![CDATA[HTTP/1.1 200 OK
Date: Thu, 04 Jan 2024 18:54:59 GMT
Content-Type: application/json; charset=utf-8
Transfer-Encoding: chunked
Connection: keep-alive
Server: Kestrel

{
    "exception": null,
    "status": "OK",
    "isSuccessStatus": true,
    "messages": [
        {
            "text": "E-mail sent"
        }
    ]
}
]]></system-out>
  </testcase>
  <testcase name="criarUsuario" classname="test.Users.UserTest" time="2.771">
    <system-out><![CDATA[HTTP/1.1 201 Created
Date: Thu, 04 Jan 2024 18:55:02 GMT
Content-Type: application/json; charset=utf-8
Transfer-Encoding: chunked
Connection: keep-alive
Server: Kestrel

{
    "content": {
        "name": "Fabrícia Veles",
        "email": "davilucca.vieira@example.com",
        "id": 169,
        "createDate": "2024-01-04T15:55:02.2051433-03:00",
        "active": true,
        "approvalDate": "2024-01-04T15:55:02.2051399-03:00",
        "updateDate": "2024-01-04T15:55:02.2051435-03:00",
        "lastLoginDate": null,
        "approvedBy": null,
        "updatedBy": null,
        "firstAccess": true
    },
    "exception": null,
    "status": "Created",
    "isSuccessStatus": true,
    "messages": [
        {
            "text": "E-mail sent"
        }
    ]
}
]]></system-out>
  </testcase>
  <testcase name="naoAlterarUsuarioApenasNomeComEmoji" classname="test.Users.UserTest" time="0.827">
    <system-out><![CDATA[HTTP/1.1 400 Bad Request
Date: Thu, 04 Jan 2024 18:55:05 GMT
Content-Type: application/json; charset=utf-8
Transfer-Encoding: chunked
Connection: keep-alive
Server: Kestrel

{
    "content": null,
    "exception": null,
    "status": "BadRequest",
    "isSuccessStatus": false,
    "messages": [
        {
            "text": "Name in wrong format"
        }
    ]
}
]]></system-out>
  </testcase>
  <testcase name="alterarUsuarioApenasNome" classname="test.Users.UserTest" time="0.806">
    <system-out><![CDATA[HTTP/1.1 200 OK
Date: Thu, 04 Jan 2024 18:55:07 GMT
Content-Type: application/json; charset=utf-8
Transfer-Encoding: chunked
Connection: keep-alive
Server: Kestrel

{
    "content": {
        "name": "Fabrícia Veles",
        "email": "docaj14227@aseall.com",
        "id": 34,
        "createDate": "2023-12-19T15:41:38.227",
        "active": false,
        "approvalDate": "2023-12-19T15:41:38.227",
        "updateDate": "2024-01-04T15:55:07.4622803-03:00",
        "lastLoginDate": null,
        "approvedBy": null,
        "updatedBy": null,
        "firstAccess": true
    },
    "exception": null,
    "status": "OK",
    "isSuccessStatus": true,
    "messages": [
        
    ]
}
]]></system-out>
  </testcase>
  <testcase name="listarUserSectionPorId" classname="test.Users.UserTest" time="0.856">
    <system-out><![CDATA[HTTP/1.1 200 OK
Date: Thu, 04 Jan 2024 18:55:09 GMT
Content-Type: application/json; charset=utf-8
Transfer-Encoding: chunked
Connection: keep-alive
Server: Kestrel

{
    "count": 1,
    "pageCount": 1,
    "content": [
        {
            "id": 1,
            "sectionName": "Master"
        }
    ],
    "exception": null,
    "status": "OK",
    "isSuccessStatus": true,
    "messages": [
        
    ]
}
]]></system-out>
  </testcase>
  <testcase name="naoAlterarUsuarioApenasNomeComCaracterEspecial" classname="test.Users.UserTest" time="0.827">
    <system-out><![CDATA[HTTP/1.1 400 Bad Request
Date: Thu, 04 Jan 2024 18:55:10 GMT
Content-Type: application/json; charset=utf-8
Transfer-Encoding: chunked
Connection: keep-alive
Server: Kestrel

{
    "content": null,
    "exception": null,
    "status": "BadRequest",
    "isSuccessStatus": false,
    "messages": [
        {
            "text": "Name in wrong format"
        }
    ]
}
]]></system-out>
  </testcase>
  <testcase name="naoCriarUsuarioComEspacosEmBrancoAntesEDepoisDoArroba" classname="test.Users.UserTest" time="0.812">
    <system-out><![CDATA[HTTP/1.1 400 Bad Request
Date: Thu, 04 Jan 2024 18:55:12 GMT
Content-Type: application/json; charset=utf-8
Transfer-Encoding: chunked
Connection: keep-alive
Server: Kestrel

{
    "content": null,
    "exception": null,
    "status": "BadRequest",
    "isSuccessStatus": false,
    "messages": [
        {
            "text": "Name or Email in wrong format"
        }
    ]
}
]]></system-out>
  </testcase>
  <testcase name="naoAlterarUsuarioApenasNomeEmBranco" classname="test.Users.UserTest" time="0.82">
    <system-out><![CDATA[HTTP/1.1 400 Bad Request
Date: Thu, 04 Jan 2024 18:55:14 GMT
Content-Type: application/json; charset=utf-8
Transfer-Encoding: chunked
Connection: keep-alive
Server: Kestrel

{
    "content": null,
    "exception": null,
    "status": "BadRequest",
    "isSuccessStatus": false,
    "messages": [
        {
            "text": "Name in wrong format"
        }
    ]
}
]]></system-out>
  </testcase>
  <testcase name="naoCriarUsuarioComEmailEmBranco" classname="test.Users.UserTest" time="0.844">
    <system-out><![CDATA[HTTP/1.1 400 Bad Request
Date: Thu, 04 Jan 2024 18:55:15 GMT
Content-Type: application/json; charset=utf-8
Transfer-Encoding: chunked
Connection: keep-alive
Server: Kestrel

{
    "content": null,
    "exception": null,
    "status": "BadRequest",
    "isSuccessStatus": false,
    "messages": [
        {
            "text": "Name or Email in wrong format"
        }
    ]
}
]]></system-out>
  </testcase>
  <testcase name="naoCriarUsuarioComEmojiAntesDoArroba" classname="test.Users.UserTest" time="0.831">
    <system-out><![CDATA[HTTP/1.1 400 Bad Request
Date: Thu, 04 Jan 2024 18:55:17 GMT
Content-Type: application/json; charset=utf-8
Transfer-Encoding: chunked
Connection: keep-alive
Server: Kestrel

{
    "content": null,
    "exception": null,
    "status": "BadRequest",
    "isSuccessStatus": false,
    "messages": [
        {
            "text": "Name or Email in wrong format"
        }
    ]
}
]]></system-out>
  </testcase>
  <testcase name="naoCriarUsuarioSemToken" classname="test.Users.UserTest" time="0.806">
    <system-out><![CDATA[HTTP/1.1 401 Unauthorized
Date: Thu, 04 Jan 2024 18:55:19 GMT
Content-Type: application/json
Transfer-Encoding: chunked
Connection: keep-alive
Server: Kestrel

{
    "Status": 401,
    "IsSuccessStatus": false,
    "Messages": [
        {
            "Code": null,
            "Text": "Unauthorized Access"
        }
    ]
}
]]></system-out>
  </testcase>
  <testcase name="naoListarUserPorIdInvalido" classname="test.Users.UserTest" time="0.832">
    <system-out><![CDATA[HTTP/1.1 400 Bad Request
Date: Thu, 04 Jan 2024 18:55:20 GMT
Content-Type: application/json; charset=utf-8
Transfer-Encoding: chunked
Connection: keep-alive
Server: Kestrel

{
    "content": null,
    "exception": null,
    "status": "BadRequest",
    "isSuccessStatus": false,
    "messages": [
        {
            "text": "User not found"
        }
    ]
}
]]></system-out>
  </testcase>
</testsuite>